c:\users\lenovo\documents\visual studio 2017\projects\vk-final\virtualkeyboard\debug\virtualkeyboard.pch
c:\users\lenovo\documents\visual studio 2017\projects\vk-final\virtualkeyboard\debug\vc141.pdb
c:\users\lenovo\documents\visual studio 2017\projects\vk-final\virtualkeyboard\debug\vc141.idb
c:\users\lenovo\documents\visual studio 2017\projects\vk-final\virtualkeyboard\debug\stdafx.obj
c:\users\lenovo\documents\visual studio 2017\projects\vk-final\virtualkeyboard\debug\changeipmode.obj
c:\users\lenovo\documents\visual studio 2017\projects\vk-final\virtualkeyboard\debug\configloader.obj
c:\users\lenovo\documents\visual studio 2017\projects\vk-final\virtualkeyboard\debug\freerunningmode.obj
c:\users\lenovo\documents\visual studio 2017\projects\vk-final\virtualkeyboard\debug\hidkeyboard.obj
c:\users\lenovo\documents\visual studio 2017\projects\vk-final\virtualkeyboard\debug\hidmouse.obj
c:\users\lenovo\documents\visual studio 2017\projects\vk-final\virtualkeyboard\debug\ikeyboard.obj
c:\users\lenovo\documents\visual studio 2017\projects\vk-final\virtualkeyboard\debug\imessage.obj
c:\users\lenovo\documents\visual studio 2017\projects\vk-final\virtualkeyboard\debug\imouse.obj
c:\users\lenovo\documents\visual studio 2017\projects\vk-final\virtualkeyboard\debug\itranslator.obj
c:\users\lenovo\documents\visual studio 2017\projects\vk-final\virtualkeyboard\debug\keyboard.obj
c:\users\lenovo\documents\visual studio 2017\projects\vk-final\virtualkeyboard\debug\keyboardtranslator.obj
c:\users\lenovo\documents\visual studio 2017\projects\vk-final\virtualkeyboard\debug\macro.obj
c:\users\lenovo\documents\visual studio 2017\projects\vk-final\virtualkeyboard\debug\macromode.obj
c:\users\lenovo\documents\visual studio 2017\projects\vk-final\virtualkeyboard\debug\mdparser.obj
c:\users\lenovo\documents\visual studio 2017\projects\vk-final\virtualkeyboard\debug\message.obj
c:\users\lenovo\documents\visual studio 2017\projects\vk-final\virtualkeyboard\debug\mouse.obj
c:\users\lenovo\documents\visual studio 2017\projects\vk-final\virtualkeyboard\debug\parseexception.obj
c:\users\lenovo\documents\visual studio 2017\projects\vk-final\virtualkeyboard\debug\tcpthread.obj
c:\users\lenovo\documents\visual studio 2017\projects\vk-final\virtualkeyboard\debug\threadprinter.obj
c:\users\lenovo\documents\visual studio 2017\projects\vk-final\virtualkeyboard\debug\virtualkeyboard.obj
c:\users\lenovo\documents\visual studio 2017\projects\vk-final\virtualkeyboard\debug\blockingqueue.obj
c:\users\lenovo\documents\visual studio 2017\projects\vk-final\virtualkeyboard\debug\parser.obj
c:\users\lenovo\documents\visual studio 2017\projects\vk-final\virtualkeyboard\debug\longparser.obj
c:\users\lenovo\documents\visual studio 2017\projects\vk-final\virtualkeyboard\debug\shortparser.obj
c:\users\lenovo\documents\visual studio 2017\projects\vk-final\debug\virtualkeyboard.ilk
c:\users\lenovo\documents\visual studio 2017\projects\vk-final\debug\virtualkeyboard.pdb
c:\users\lenovo\documents\visual studio 2017\projects\vk-final\virtualkeyboard\debug\recorder.obj
c:\users\lenovo\documents\visual studio 2017\projects\vk-final\virtualkeyboard\debug\keyboardtranslator.obj.enc
c:\users\lenovo\documents\visual studio 2017\projects\vk-final\debug\virtualkeyboard.lib
c:\users\lenovo\documents\visual studio 2017\projects\vk-final\virtualkeyboard\debug\virtualkeyboard.tlog\cl.command.1.tlog
c:\users\lenovo\documents\visual studio 2017\projects\vk-final\virtualkeyboard\debug\virtualkeyboard.tlog\cl.read.1.tlog
c:\users\lenovo\documents\visual studio 2017\projects\vk-final\virtualkeyboard\debug\virtualkeyboard.tlog\cl.write.1.tlog
c:\users\lenovo\documents\visual studio 2017\projects\vk-final\virtualkeyboard\debug\virtualkeyboard.tlog\link.command.1.tlog
c:\users\lenovo\documents\visual studio 2017\projects\vk-final\virtualkeyboard\debug\virtualkeyboard.tlog\link.read.1.tlog
c:\users\lenovo\documents\visual studio 2017\projects\vk-final\virtualkeyboard\debug\virtualkeyboard.tlog\link.write.1.tlog
c:\users\lenovo\documents\visual studio 2017\projects\vk-final\virtualkeyboard\debug\virtualkeyboard.tlog\virtualkeyboard.write.1u.tlog
